<?xml version="1.0" encoding="UTF-8"?>
<!-- Generated by org.testng.reporters.JUnitReportReporter -->
<testsuite hostname="DESKTOP-DI2M575" failures="0" tests="2" name="Tests.HomePageTests" time="0.834" errors="0" timestamp="2022-11-01T12:31:17 EDT" skipped="0">
  <testcase classname="Tests.HomePageTests" name="addElement" time="0.724"/>
  <system-out/>
  <testcase classname="Tests.HomePageTests" name="helloTest" time="0.110"/>
  <system-out/>
</testsuite> <!-- Tests.HomePageTests -->
